2023-12-24 12:06:56 [Delicious-Mac.local] Error Error: 测试错误
    at file:///Users/nupigm/Documents/GitHub/web-nodejs/my_modules/log.js:45:9
    at ModuleJob.run (node:internal/modules/esm/module_job:218:25)
    at async ModuleLoader.import (node:internal/modules/esm/loader:329:24)
    at async loadESM (node:internal/process/esm_loader:28:7)
    at async handleMainPromise (node:internal/modules/run_main:113:12) undefined
2023-12-24 12:08:53 [Delicious-Mac.local] Error Error: 测试错误
    at file:///Users/nupigm/Documents/GitHub/web-nodejs/my_modules/log.js:45:9
    at ModuleJob.run (node:internal/modules/esm/module_job:218:25)
    at async ModuleLoader.import (node:internal/modules/esm/loader:329:24)
    at async loadESM (node:internal/process/esm_loader:28:7)
    at async handleMainPromise (node:internal/modules/run_main:113:12) undefined
2023-12-24 12:09:56 [Delicious-Mac.local] Error Error: ENOENT: no such file or directory, open '/Users/nupigm/Documents/GitHub/web-nodejs/public/documents/main1.html' undefined
2023-12-24 12:43:11 [ENOENT: no such file or directory, open '/Users/nupigm/Documents/GitHub/web-nodejs/public/documents/main1.html'] ENOENT
 Error
 Error: ENOENT: no such file or directory, open '/Users/nupigm/Documents/GitHub/web-nodejs/public/documents/main1.html'
 undefined
<2023-12-24 13:08:53> ip=::ffff:127.0.0.1
  stack=Error: ENOENT: no such file or directory, open '/Users/nupigm/Documents/GitHub/web-nodejs/public/documents/main1.html'
  data=undefined
<2023-12-24 13:14:59> [::ffff:127.0.0.1]
  stack=Error: ENOENT: no such file or directory, open '/Users/nupigm/Documents/GitHub/web-nodejs/public/documents/main1.html'
  data=undefined
<2023-12-24 13:15:08> [::ffff:127.0.0.1]
  stack=Error: ENOENT: no such file or directory, open '/Users/nupigm/Documents/GitHub/web-nodejs/public/documents/main1.html'
  data=undefined
<2023-12-24 14:07:27> [::ffff:127.0.0.1]
  stack = Error: ENOENT: no such file or directory, open '/Users/nupigm/Documents/GitHub/web-nodejs/public/documents/main1.html'
  data = undefined
